# JRE version: OpenJDK Runtime Environment Temurin-17.0.1+12 (17.0.1+12) (build 17.0.1+12)
# Java VM: OpenJDK 64-Bit Server VM Temurin-17.0.1+12 (17.0.1+12, mixed mode, emulated-client, tiered, compressed oops, compressed class ptrs, g1 gc, windows-amd64)
GC Precious Log:
 CPUs: 8 total, 8 available
 Memory: 32686M
 Large Page Support: Disabled
 NUMA Support: Disabled
 Compressed Oops: Enabled (Zero based)
 Heap Region Size: 4M
 Heap Min Capacity: 8M
 Heap Initial Capacity: 512M
 Heap Max Capacity: 8172M
 Pre-touch: Disabled
 Parallel Workers: 8
 Concurrent Workers: 2
 Concurrent Refinement Workers: 8
 Periodic GC: Disabled
Heap:
 garbage-first heap   total 303104K, used 160768K [0x0000000601400000, 0x0000000800000000)
  region size 4096K, 37 young (151552K), 1 survivors (4096K)
 Metaspace       used 52746K, committed 53184K, reserved 1097728K
  class space    used 6530K, committed 6720K, reserved 1048576K
GC Heap History (20 events):
Event: 1.009 GC heap before
{Heap before GC invocations=1 (full 0):
 garbage-first heap   total 524288K, used 30170K [0x0000000601400000, 0x0000000800000000)
  region size 4096K, 7 young (28672K), 1 survivors (4096K)
 Metaspace       used 17154K, committed 17344K, reserved 1064960K
  class space    used 1771K, committed 1856K, reserved 1048576K
}
Event: 1.011 GC heap after
{Heap after GC invocations=2 (full 0):
 garbage-first heap   total 524288K, used 7074K [0x0000000601400000, 0x0000000800000000)
  region size 4096K, 1 young (4096K), 1 survivors (4096K)
 Metaspace       used 17154K, committed 17344K, reserved 1064960K
  class space    used 1771K, committed 1856K, reserved 1048576K
}
Event: 1.314 GC heap before
{Heap before GC invocations=2 (full 0):
 garbage-first heap   total 524288K, used 39842K [0x0000000601400000, 0x0000000800000000)
  region size 4096K, 10 young (40960K), 1 survivors (4096K)
 Metaspace       used 21197K, committed 21504K, reserved 1073152K
  class space    used 2390K, committed 2560K, reserved 1048576K
}
Event: 1.317 GC heap after
{Heap after GC invocations=3 (full 0):
 garbage-first heap   total 524288K, used 8343K [0x0000000601400000, 0x0000000800000000)
  region size 4096K, 1 young (4096K), 1 survivors (4096K)
 Metaspace       used 21197K, committed 21504K, reserved 1073152K
  class space    used 2390K, committed 2560K, reserved 1048576K
}
Event: 1.431 GC heap before
{Heap before GC invocations=4 (full 0):
 garbage-first heap   total 57344K, used 37015K [0x0000000601400000, 0x0000000800000000)
  region size 4096K, 9 young (36864K), 1 survivors (4096K)
 Metaspace       used 23921K, committed 24192K, reserved 1073152K
  class space    used 2763K, committed 2880K, reserved 1048576K
}
Event: 1.434 GC heap after
{Heap after GC invocations=5 (full 0):
 garbage-first heap   total 57344K, used 9120K [0x0000000601400000, 0x0000000800000000)
  region size 4096K, 1 young (4096K), 1 survivors (4096K)
 Metaspace       used 23921K, committed 24192K, reserved 1073152K
  class space    used 2763K, committed 2880K, reserved 1048576K
}
Event: 1.454 GC heap before
{Heap before GC invocations=5 (full 0):
 garbage-first heap   total 57344K, used 13216K [0x0000000601400000, 0x0000000800000000)
  region size 4096K, 2 young (8192K), 1 survivors (4096K)
 Metaspace       used 24264K, committed 24576K, reserved 1073152K
  class space    used 2817K, committed 2944K, reserved 1048576K
}
Event: 1.456 GC heap after
{Heap after GC invocations=6 (full 0):
 garbage-first heap   total 57344K, used 9303K [0x0000000601400000, 0x0000000800000000)
  region size 4096K, 1 young (4096K), 1 survivors (4096K)
 Metaspace       used 24264K, committed 24576K, reserved 1073152K
  class space    used 2817K, committed 2944K, reserved 1048576K
}
Event: 1.556 GC heap before
{Heap before GC invocations=6 (full 0):
 garbage-first heap   total 57344K, used 33879K [0x0000000601400000, 0x0000000800000000)
  region size 4096K, 7 young (28672K), 1 survivors (4096K)
 Metaspace       used 26412K, committed 26688K, reserved 1073152K
  class space    used 3139K, committed 3264K, reserved 1048576K
}
Event: 1.557 GC heap after
{Heap after GC invocations=7 (full 0):
 garbage-first heap   total 57344K, used 10282K [0x0000000601400000, 0x0000000800000000)
  region size 4096K, 1 young (4096K), 1 survivors (4096K)
 Metaspace       used 26412K, committed 26688K, reserved 1073152K
  class space    used 3139K, committed 3264K, reserved 1048576K
}
Event: 1.646 GC heap before
{Heap before GC invocations=7 (full 0):
 garbage-first heap   total 57344K, used 30762K [0x0000000601400000, 0x0000000800000000)
  region size 4096K, 7 young (28672K), 1 survivors (4096K)
 Metaspace       used 28716K, committed 28992K, reserved 1081344K
  class space    used 3417K, committed 3584K, reserved 1048576K
}
Event: 1.649 GC heap after
{Heap after GC invocations=8 (full 0):
 garbage-first heap   total 290816K, used 11399K [0x0000000601400000, 0x0000000800000000)
  region size 4096K, 1 young (4096K), 1 survivors (4096K)
 Metaspace       used 28716K, committed 28992K, reserved 1081344K
  class space    used 3417K, committed 3584K, reserved 1048576K
}
Event: 2.303 GC heap before
{Heap before GC invocations=8 (full 0):
 garbage-first heap   total 290816K, used 109703K [0x0000000601400000, 0x0000000800000000)
  region size 4096K, 26 young (106496K), 1 survivors (4096K)
 Metaspace       used 35606K, committed 35968K, reserved 1081344K
  class space    used 4340K, committed 4480K, reserved 1048576K
}
Event: 2.307 GC heap after
{Heap after GC invocations=9 (full 0):
 garbage-first heap   total 290816K, used 13844K [0x0000000601400000, 0x0000000800000000)
  region size 4096K, 2 young (8192K), 2 survivors (8192K)
 Metaspace       used 35606K, committed 35968K, reserved 1081344K
  class space    used 4340K, committed 4480K, reserved 1048576K
}
Event: 2.724 GC heap before
{Heap before GC invocations=10 (full 0):
 garbage-first heap   total 81920K, used 54804K [0x0000000601400000, 0x0000000800000000)
  region size 4096K, 12 young (49152K), 2 survivors (8192K)
 Metaspace       used 38592K, committed 38976K, reserved 1089536K
  class space    used 4803K, committed 4992K, reserved 1048576K
}
Event: 2.729 GC heap after
{Heap after GC invocations=11 (full 0):
 garbage-first heap   total 81920K, used 15603K [0x0000000601400000, 0x0000000800000000)
  region size 4096K, 2 young (8192K), 2 survivors (8192K)
 Metaspace       used 38592K, committed 38976K, reserved 1089536K
  class space    used 4803K, committed 4992K, reserved 1048576K
}
Event: 2.772 GC heap before
{Heap before GC invocations=11 (full 0):
 garbage-first heap   total 81920K, used 19699K [0x0000000601400000, 0x0000000800000000)
  region size 4096K, 3 young (12288K), 2 survivors (8192K)
 Metaspace       used 38956K, committed 39296K, reserved 1089536K
  class space    used 4894K, committed 5056K, reserved 1048576K
}
Event: 2.777 GC heap after
{Heap after GC invocations=12 (full 0):
 garbage-first heap   total 81920K, used 16032K [0x0000000601400000, 0x0000000800000000)
  region size 4096K, 1 young (4096K), 1 survivors (4096K)
 Metaspace       used 38956K, committed 39296K, reserved 1089536K
  class space    used 4894K, committed 5056K, reserved 1048576K
}
Event: 3.160 GC heap before
{Heap before GC invocations=12 (full 0):
 garbage-first heap   total 81920K, used 61088K [0x0000000601400000, 0x0000000800000000)
  region size 4096K, 12 young (49152K), 1 survivors (4096K)
 Metaspace       used 42039K, committed 42432K, reserved 1089536K
  class space    used 5242K, committed 5440K, reserved 1048576K
}
Event: 3.164 GC heap after
{Heap after GC invocations=13 (full 0):
 garbage-first heap   total 303104K, used 17408K [0x0000000601400000, 0x0000000800000000)
  region size 4096K, 1 young (4096K), 1 survivors (4096K)
 Metaspace       used 42039K, committed 42432K, reserved 1089536K
  class space    used 5242K, committed 5440K, reserved 1048576K
}

