# JRE version: OpenJDK Runtime Environment Temurin-17.0.1+12 (17.0.1+12) (build 17.0.1+12)
# Java VM: OpenJDK 64-Bit Server VM Temurin-17.0.1+12 (17.0.1+12, mixed mode, emulated-client, tiered, compressed oops, compressed class ptrs, g1 gc, windows-amd64)
GC Precious Log:
 CPUs: 8 total, 8 available
 Memory: 32686M
 Large Page Support: Disabled
 NUMA Support: Disabled
 Compressed Oops: Enabled (Zero based)
 Heap Region Size: 4M
 Heap Min Capacity: 8M
 Heap Initial Capacity: 512M
 Heap Max Capacity: 8172M
 Pre-touch: Disabled
 Parallel Workers: 8
 Concurrent Workers: 2
 Concurrent Refinement Workers: 8
 Periodic GC: Disabled
Heap:
 garbage-first heap   total 299008K, used 84432K [0x0000000601400000, 0x0000000800000000)
  region size 4096K, 18 young (73728K), 2 survivors (8192K)
 Metaspace       used 52746K, committed 53184K, reserved 1097728K
  class space    used 6532K, committed 6720K, reserved 1048576K
GC Heap History (20 events):
Event: 1.569 GC heap before
{Heap before GC invocations=4 (full 0):
 garbage-first heap   total 69632K, used 49141K [0x0000000601400000, 0x0000000800000000)
  region size 4096K, 12 young (49152K), 1 survivors (4096K)
 Metaspace       used 24894K, committed 25216K, reserved 1073152K
  class space    used 2935K, committed 3072K, reserved 1048576K
}
Event: 1.572 GC heap after
{Heap after GC invocations=5 (full 0):
 garbage-first heap   total 69632K, used 9391K [0x0000000601400000, 0x0000000800000000)
  region size 4096K, 1 young (4096K), 1 survivors (4096K)
 Metaspace       used 24894K, committed 25216K, reserved 1073152K
  class space    used 2935K, committed 3072K, reserved 1048576K
}
Event: 1.592 GC heap before
{Heap before GC invocations=5 (full 0):
 garbage-first heap   total 69632K, used 13487K [0x0000000601400000, 0x0000000800000000)
  region size 4096K, 2 young (8192K), 1 survivors (4096K)
 Metaspace       used 25143K, committed 25408K, reserved 1073152K
  class space    used 2998K, committed 3136K, reserved 1048576K
}
Event: 1.595 GC heap after
{Heap after GC invocations=6 (full 0):
 garbage-first heap   total 69632K, used 10658K [0x0000000601400000, 0x0000000800000000)
  region size 4096K, 1 young (4096K), 1 survivors (4096K)
 Metaspace       used 25143K, committed 25408K, reserved 1073152K
  class space    used 2998K, committed 3136K, reserved 1048576K
}
Event: 1.736 GC heap before
{Heap before GC invocations=6 (full 0):
 garbage-first heap   total 69632K, used 43426K [0x0000000601400000, 0x0000000800000000)
  region size 4096K, 10 young (40960K), 1 survivors (4096K)
 Metaspace       used 28651K, committed 28928K, reserved 1081344K
  class space    used 3412K, committed 3520K, reserved 1048576K
}
Event: 1.738 GC heap after
{Heap after GC invocations=7 (full 0):
 garbage-first heap   total 69632K, used 11127K [0x0000000601400000, 0x0000000800000000)
  region size 4096K, 1 young (4096K), 1 survivors (4096K)
 Metaspace       used 28651K, committed 28928K, reserved 1081344K
  class space    used 3412K, committed 3520K, reserved 1048576K
}
Event: 1.856 GC heap before
{Heap before GC invocations=7 (full 0):
 garbage-first heap   total 69632K, used 43895K [0x0000000601400000, 0x0000000800000000)
  region size 4096K, 10 young (40960K), 1 survivors (4096K)
 Metaspace       used 31964K, committed 32320K, reserved 1081344K
  class space    used 3803K, committed 3968K, reserved 1048576K
}
Event: 1.859 GC heap after
{Heap after GC invocations=8 (full 0):
 garbage-first heap   total 299008K, used 11578K [0x0000000601400000, 0x0000000800000000)
  region size 4096K, 1 young (4096K), 1 survivors (4096K)
 Metaspace       used 31964K, committed 32320K, reserved 1081344K
  class space    used 3803K, committed 3968K, reserved 1048576K
}
Event: 2.502 GC heap before
{Heap before GC invocations=8 (full 0):
 garbage-first heap   total 299008K, used 81210K [0x0000000601400000, 0x0000000800000000)
  region size 4096K, 19 young (77824K), 1 survivors (4096K)
 Metaspace       used 35874K, committed 36160K, reserved 1081344K
  class space    used 4390K, committed 4544K, reserved 1048576K
}
Event: 2.506 GC heap after
{Heap after GC invocations=9 (full 0):
 garbage-first heap   total 299008K, used 13723K [0x0000000601400000, 0x0000000800000000)
  region size 4096K, 2 young (8192K), 2 survivors (8192K)
 Metaspace       used 35874K, committed 36160K, reserved 1081344K
  class space    used 4390K, committed 4544K, reserved 1048576K
}
Event: 2.899 GC heap before
{Heap before GC invocations=10 (full 0):
 garbage-first heap   total 69632K, used 54683K [0x0000000601400000, 0x0000000800000000)
  region size 4096K, 13 young (53248K), 2 survivors (8192K)
 Metaspace       used 39618K, committed 39936K, reserved 1089536K
  class space    used 4968K, committed 5120K, reserved 1048576K
}
Event: 2.904 GC heap after
{Heap after GC invocations=11 (full 0):
 garbage-first heap   total 69632K, used 16040K [0x0000000601400000, 0x0000000800000000)
  region size 4096K, 2 young (8192K), 2 survivors (8192K)
 Metaspace       used 39618K, committed 39936K, reserved 1089536K
  class space    used 4968K, committed 5120K, reserved 1048576K
}
Event: 3.152 GC heap before
{Heap before GC invocations=11 (full 0):
 garbage-first heap   total 69632K, used 48808K [0x0000000601400000, 0x0000000800000000)
  region size 4096K, 10 young (40960K), 2 survivors (8192K)
 Metaspace       used 41713K, committed 42048K, reserved 1089536K
  class space    used 5198K, committed 5376K, reserved 1048576K
}
Event: 3.156 GC heap after
{Heap after GC invocations=12 (full 0):
 garbage-first heap   total 69632K, used 17276K [0x0000000601400000, 0x0000000800000000)
  region size 4096K, 1 young (4096K), 1 survivors (4096K)
 Metaspace       used 41713K, committed 42048K, reserved 1089536K
  class space    used 5198K, committed 5376K, reserved 1048576K
}
Event: 3.435 GC heap before
{Heap before GC invocations=12 (full 0):
 garbage-first heap   total 69632K, used 50044K [0x0000000601400000, 0x0000000800000000)
  region size 4096K, 9 young (36864K), 1 survivors (4096K)
 Metaspace       used 43797K, committed 44160K, reserved 1089536K
  class space    used 5495K, committed 5696K, reserved 1048576K
}
Event: 3.437 GC heap after
{Heap after GC invocations=13 (full 0):
 garbage-first heap   total 69632K, used 18865K [0x0000000601400000, 0x0000000800000000)
  region size 4096K, 2 young (8192K), 2 survivors (8192K)
 Metaspace       used 43797K, committed 44160K, reserved 1089536K
  class space    used 5495K, committed 5696K, reserved 1048576K
}
Event: 3.687 GC heap before
{Heap before GC invocations=13 (full 0):
 garbage-first heap   total 69632K, used 43441K [0x0000000601400000, 0x0000000800000000)
  region size 4096K, 9 young (36864K), 2 survivors (8192K)
 Metaspace       used 45799K, committed 46208K, reserved 1089536K
  class space    used 5725K, committed 5952K, reserved 1048576K
}
Event: 3.691 GC heap after
{Heap after GC invocations=14 (full 0):
 garbage-first heap   total 69632K, used 21187K [0x0000000601400000, 0x0000000800000000)
  region size 4096K, 2 young (8192K), 2 survivors (8192K)
 Metaspace       used 45799K, committed 46208K, reserved 1089536K
  class space    used 5725K, committed 5952K, reserved 1048576K
}
Event: 3.849 GC heap before
{Heap before GC invocations=14 (full 0):
 garbage-first heap   total 69632K, used 49859K [0x0000000601400000, 0x0000000800000000)
  region size 4096K, 9 young (36864K), 2 survivors (8192K)
 Metaspace       used 47485K, committed 47808K, reserved 1097728K
  class space    used 5918K, committed 6080K, reserved 1048576K
}
Event: 3.854 GC heap after
{Heap after GC invocations=15 (full 0):
 garbage-first heap   total 299008K, used 22992K [0x0000000601400000, 0x0000000800000000)
  region size 4096K, 2 young (8192K), 2 survivors (8192K)
 Metaspace       used 47485K, committed 47808K, reserved 1097728K
  class space    used 5918K, committed 6080K, reserved 1048576K
}

