# JRE version: OpenJDK Runtime Environment Temurin-17.0.1+12 (17.0.1+12) (build 17.0.1+12)
# Java VM: OpenJDK 64-Bit Server VM Temurin-17.0.1+12 (17.0.1+12, mixed mode, emulated-client, tiered, compressed oops, compressed class ptrs, g1 gc, windows-amd64)
GC Precious Log:
 CPUs: 8 total, 8 available
 Memory: 32686M
 Large Page Support: Disabled
 NUMA Support: Disabled
 Compressed Oops: Enabled (Zero based)
 Heap Region Size: 4M
 Heap Min Capacity: 8M
 Heap Initial Capacity: 512M
 Heap Max Capacity: 8172M
 Pre-touch: Disabled
 Parallel Workers: 8
 Concurrent Workers: 2
 Concurrent Refinement Workers: 8
 Periodic GC: Disabled
Heap:
 garbage-first heap   total 299008K, used 59745K [0x0000000601400000, 0x0000000800000000)
  region size 4096K, 12 young (49152K), 4 survivors (16384K)
 Metaspace       used 59625K, committed 60288K, reserved 1105920K
  class space    used 7449K, committed 7744K, reserved 1048576K
GC Heap History (20 events):
Event: 1.349 GC heap before
{Heap before GC invocations=2 (full 0):
 garbage-first heap   total 524288K, used 43681K [0x0000000601400000, 0x0000000800000000)
  region size 4096K, 11 young (45056K), 1 survivors (4096K)
 Metaspace       used 21261K, committed 21504K, reserved 1073152K
  class space    used 2404K, committed 2560K, reserved 1048576K
}
Event: 1.351 GC heap after
{Heap after GC invocations=3 (full 0):
 garbage-first heap   total 524288K, used 8330K [0x0000000601400000, 0x0000000800000000)
  region size 4096K, 1 young (4096K), 1 survivors (4096K)
 Metaspace       used 21261K, committed 21504K, reserved 1073152K
  class space    used 2404K, committed 2560K, reserved 1048576K
}
Event: 1.501 GC heap before
{Heap before GC invocations=4 (full 0):
 garbage-first heap   total 69632K, used 49290K [0x0000000601400000, 0x0000000800000000)
  region size 4096K, 12 young (49152K), 1 survivors (4096K)
 Metaspace       used 24826K, committed 25152K, reserved 1073152K
  class space    used 2918K, committed 3072K, reserved 1048576K
}
Event: 1.504 GC heap after
{Heap after GC invocations=5 (full 0):
 garbage-first heap   total 69632K, used 9492K [0x0000000601400000, 0x0000000800000000)
  region size 4096K, 1 young (4096K), 1 survivors (4096K)
 Metaspace       used 24826K, committed 25152K, reserved 1073152K
  class space    used 2918K, committed 3072K, reserved 1048576K
}
Event: 1.529 GC heap before
{Heap before GC invocations=5 (full 0):
 garbage-first heap   total 69632K, used 13588K [0x0000000601400000, 0x0000000800000000)
  region size 4096K, 2 young (8192K), 1 survivors (4096K)
 Metaspace       used 25130K, committed 25408K, reserved 1073152K
  class space    used 2995K, committed 3136K, reserved 1048576K
}
Event: 1.532 GC heap after
{Heap after GC invocations=6 (full 0):
 garbage-first heap   total 69632K, used 10049K [0x0000000601400000, 0x0000000800000000)
  region size 4096K, 1 young (4096K), 1 survivors (4096K)
 Metaspace       used 25130K, committed 25408K, reserved 1073152K
  class space    used 2995K, committed 3136K, reserved 1048576K
}
Event: 1.674 GC heap before
{Heap before GC invocations=6 (full 0):
 garbage-first heap   total 69632K, used 42817K [0x0000000601400000, 0x0000000800000000)
  region size 4096K, 10 young (40960K), 1 survivors (4096K)
 Metaspace       used 28675K, committed 28928K, reserved 1081344K
  class space    used 3425K, committed 3520K, reserved 1048576K
}
Event: 1.676 GC heap after
{Heap after GC invocations=7 (full 0):
 garbage-first heap   total 299008K, used 11123K [0x0000000601400000, 0x0000000800000000)
  region size 4096K, 1 young (4096K), 1 survivors (4096K)
 Metaspace       used 28675K, committed 28928K, reserved 1081344K
  class space    used 3425K, committed 3520K, reserved 1048576K
}
Event: 2.383 GC heap before
{Heap before GC invocations=7 (full 0):
 garbage-first heap   total 299008K, used 121715K [0x0000000601400000, 0x0000000800000000)
  region size 4096K, 29 young (118784K), 1 survivors (4096K)
 Metaspace       used 35873K, committed 36160K, reserved 1081344K
  class space    used 4391K, committed 4544K, reserved 1048576K
}
Event: 2.387 GC heap after
{Heap after GC invocations=8 (full 0):
 garbage-first heap   total 299008K, used 13756K [0x0000000601400000, 0x0000000800000000)
  region size 4096K, 2 young (8192K), 2 survivors (8192K)
 Metaspace       used 35873K, committed 36160K, reserved 1081344K
  class space    used 4391K, committed 4544K, reserved 1048576K
}
Event: 2.800 GC heap before
{Heap before GC invocations=9 (full 0):
 garbage-first heap   total 69632K, used 54716K [0x0000000601400000, 0x0000000800000000)
  region size 4096K, 13 young (53248K), 2 survivors (8192K)
 Metaspace       used 39618K, committed 39936K, reserved 1089536K
  class space    used 4969K, committed 5120K, reserved 1048576K
}
Event: 2.805 GC heap after
{Heap after GC invocations=10 (full 0):
 garbage-first heap   total 69632K, used 16053K [0x0000000601400000, 0x0000000800000000)
  region size 4096K, 2 young (8192K), 2 survivors (8192K)
 Metaspace       used 39618K, committed 39936K, reserved 1089536K
  class space    used 4969K, committed 5120K, reserved 1048576K
}
Event: 3.048 GC heap before
{Heap before GC invocations=10 (full 0):
 garbage-first heap   total 69632K, used 48821K [0x0000000601400000, 0x0000000800000000)
  region size 4096K, 10 young (40960K), 2 survivors (8192K)
 Metaspace       used 41739K, committed 42048K, reserved 1089536K
  class space    used 5208K, committed 5376K, reserved 1048576K
}
Event: 3.053 GC heap after
{Heap after GC invocations=11 (full 0):
 garbage-first heap   total 69632K, used 17453K [0x0000000601400000, 0x0000000800000000)
  region size 4096K, 1 young (4096K), 1 survivors (4096K)
 Metaspace       used 41739K, committed 42048K, reserved 1089536K
  class space    used 5208K, committed 5376K, reserved 1048576K
}
Event: 3.319 GC heap before
{Heap before GC invocations=11 (full 0):
 garbage-first heap   total 69632K, used 50221K [0x0000000601400000, 0x0000000800000000)
  region size 4096K, 9 young (36864K), 1 survivors (4096K)
 Metaspace       used 43853K, committed 44224K, reserved 1089536K
  class space    used 5501K, committed 5696K, reserved 1048576K
}
Event: 3.322 GC heap after
{Heap after GC invocations=12 (full 0):
 garbage-first heap   total 69632K, used 18954K [0x0000000601400000, 0x0000000800000000)
  region size 4096K, 2 young (8192K), 2 survivors (8192K)
 Metaspace       used 43853K, committed 44224K, reserved 1089536K
  class space    used 5501K, committed 5696K, reserved 1048576K
}
Event: 3.535 GC heap before
{Heap before GC invocations=12 (full 0):
 garbage-first heap   total 69632K, used 47626K [0x0000000601400000, 0x0000000800000000)
  region size 4096K, 9 young (36864K), 2 survivors (8192K)
 Metaspace       used 45787K, committed 46208K, reserved 1089536K
  class space    used 5723K, committed 5952K, reserved 1048576K
}
Event: 3.540 GC heap after
{Heap after GC invocations=13 (full 0):
 garbage-first heap   total 299008K, used 21293K [0x0000000601400000, 0x0000000800000000)
  region size 4096K, 2 young (8192K), 2 survivors (8192K)
 Metaspace       used 45787K, committed 46208K, reserved 1089536K
  class space    used 5723K, committed 5952K, reserved 1048576K
}
Event: 10.630 GC heap before
{Heap before GC invocations=13 (full 0):
 garbage-first heap   total 299008K, used 185133K [0x0000000601400000, 0x0000000800000000)
  region size 4096K, 43 young (176128K), 2 survivors (8192K)
 Metaspace       used 58039K, committed 58688K, reserved 1105920K
  class space    used 7228K, committed 7552K, reserved 1048576K
}
Event: 10.639 GC heap after
{Heap after GC invocations=14 (full 0):
 garbage-first heap   total 299008K, used 31073K [0x0000000601400000, 0x0000000800000000)
  region size 4096K, 4 young (16384K), 4 survivors (16384K)
 Metaspace       used 58039K, committed 58688K, reserved 1105920K
  class space    used 7228K, committed 7552K, reserved 1048576K
}

