# JRE version: OpenJDK Runtime Environment Temurin-17.0.1+12 (17.0.1+12) (build 17.0.1+12)
# Java VM: OpenJDK 64-Bit Server VM Temurin-17.0.1+12 (17.0.1+12, mixed mode, emulated-client, tiered, compressed oops, compressed class ptrs, g1 gc, windows-amd64)
GC Precious Log:
 CPUs: 8 total, 8 available
 Memory: 32686M
 Large Page Support: Disabled
 NUMA Support: Disabled
 Compressed Oops: Enabled (Zero based)
 Heap Region Size: 4M
 Heap Min Capacity: 8M
 Heap Initial Capacity: 512M
 Heap Max Capacity: 8172M
 Pre-touch: Disabled
 Parallel Workers: 8
 Concurrent Workers: 2
 Concurrent Refinement Workers: 8
 Periodic GC: Disabled
Heap:
 garbage-first heap   total 81920K, used 37233K [0x000000042b800000, 0x000000062a400000)
  region size 4096K, 5 young (20480K), 1 survivors (4096K)
 Metaspace       used 53720K, committed 54144K, reserved 1097728K
  class space    used 6674K, committed 6848K, reserved 1048576K
GC Heap History (20 events):
Event: 205.769 GC heap before
{Heap before GC invocations=15 (full 1):
 garbage-first heap   total 98304K, used 37590K [0x000000042b800000, 0x000000062a400000)
  region size 4096K, 5 young (20480K), 1 survivors (4096K)
 Metaspace       used 53049K, committed 53504K, reserved 1097728K
  class space    used 6592K, committed 6784K, reserved 1048576K
}
Event: 205.807 GC heap after
{Heap after GC invocations=16 (full 2):
 garbage-first heap   total 98304K, used 23238K [0x000000042b800000, 0x000000062a400000)
  region size 4096K, 0 young (0K), 0 survivors (0K)
 Metaspace       used 53049K, committed 53504K, reserved 1097728K
  class space    used 6592K, committed 6784K, reserved 1048576K
}
Event: 206.240 GC heap before
{Heap before GC invocations=16 (full 2):
 garbage-first heap   total 98304K, used 64198K [0x000000042b800000, 0x000000062a400000)
  region size 4096K, 11 young (45056K), 0 survivors (0K)
 Metaspace       used 53186K, committed 53696K, reserved 1097728K
  class space    used 6616K, committed 6848K, reserved 1048576K
}
Event: 206.242 GC heap after
{Heap after GC invocations=17 (full 2):
 garbage-first heap   total 98304K, used 26455K [0x000000042b800000, 0x000000062a400000)
  region size 4096K, 1 young (4096K), 1 survivors (4096K)
 Metaspace       used 53186K, committed 53696K, reserved 1097728K
  class space    used 6616K, committed 6848K, reserved 1048576K
}
Event: 319.720 GC heap before
{Heap before GC invocations=17 (full 2):
 garbage-first heap   total 98304K, used 38743K [0x000000042b800000, 0x000000062a400000)
  region size 4096K, 5 young (20480K), 1 survivors (4096K)
 Metaspace       used 53217K, committed 53696K, reserved 1097728K
  class space    used 6618K, committed 6848K, reserved 1048576K
}
Event: 319.766 GC heap after
{Heap after GC invocations=18 (full 3):
 garbage-first heap   total 81920K, used 21853K [0x000000042b800000, 0x000000062a400000)
  region size 4096K, 0 young (0K), 0 survivors (0K)
 Metaspace       used 53082K, committed 53696K, reserved 1097728K
  class space    used 6588K, committed 6848K, reserved 1048576K
}
Event: 320.159 GC heap before
{Heap before GC invocations=18 (full 3):
 garbage-first heap   total 81920K, used 62813K [0x000000042b800000, 0x000000062a400000)
  region size 4096K, 10 young (40960K), 0 survivors (0K)
 Metaspace       used 53198K, committed 53696K, reserved 1097728K
  class space    used 6606K, committed 6848K, reserved 1048576K
}
Event: 320.161 GC heap after
{Heap after GC invocations=19 (full 3):
 garbage-first heap   total 81920K, used 24685K [0x000000042b800000, 0x000000062a400000)
  region size 4096K, 1 young (4096K), 1 survivors (4096K)
 Metaspace       used 53198K, committed 53696K, reserved 1097728K
  class space    used 6606K, committed 6848K, reserved 1048576K
}
Event: 392.512 GC heap before
{Heap before GC invocations=19 (full 3):
 garbage-first heap   total 81920K, used 41069K [0x000000042b800000, 0x000000062a400000)
  region size 4096K, 6 young (24576K), 1 survivors (4096K)
 Metaspace       used 53246K, committed 53696K, reserved 1097728K
  class space    used 6611K, committed 6848K, reserved 1048576K
}
Event: 392.551 GC heap after
{Heap after GC invocations=20 (full 4):
 garbage-first heap   total 81920K, used 21886K [0x000000042b800000, 0x000000062a400000)
  region size 4096K, 0 young (0K), 0 survivors (0K)
 Metaspace       used 53233K, committed 53696K, reserved 1097728K
  class space    used 6609K, committed 6848K, reserved 1048576K
}
Event: 392.919 GC heap before
{Heap before GC invocations=20 (full 4):
 garbage-first heap   total 81920K, used 62846K [0x000000042b800000, 0x000000062a400000)
  region size 4096K, 10 young (40960K), 0 survivors (0K)
 Metaspace       used 53341K, committed 53824K, reserved 1097728K
  class space    used 6625K, committed 6848K, reserved 1048576K
}
Event: 392.921 GC heap after
{Heap after GC invocations=21 (full 4):
 garbage-first heap   total 81920K, used 24758K [0x000000042b800000, 0x000000062a400000)
  region size 4096K, 1 young (4096K), 1 survivors (4096K)
 Metaspace       used 53341K, committed 53824K, reserved 1097728K
  class space    used 6625K, committed 6848K, reserved 1048576K
}
Event: 419.117 GC heap before
{Heap before GC invocations=21 (full 4):
 garbage-first heap   total 81920K, used 37046K [0x000000042b800000, 0x000000062a400000)
  region size 4096K, 5 young (20480K), 1 survivors (4096K)
 Metaspace       used 53374K, committed 53824K, reserved 1097728K
  class space    used 6627K, committed 6848K, reserved 1048576K
}
Event: 419.153 GC heap after
{Heap after GC invocations=22 (full 5):
 garbage-first heap   total 81920K, used 21924K [0x000000042b800000, 0x000000062a400000)
  region size 4096K, 0 young (0K), 0 survivors (0K)
 Metaspace       used 53367K, committed 53824K, reserved 1097728K
  class space    used 6626K, committed 6848K, reserved 1048576K
}
Event: 419.528 GC heap before
{Heap before GC invocations=22 (full 5):
 garbage-first heap   total 81920K, used 58788K [0x000000042b800000, 0x000000062a400000)
  region size 4096K, 10 young (40960K), 0 survivors (0K)
 Metaspace       used 53523K, committed 54016K, reserved 1097728K
  class space    used 6653K, committed 6848K, reserved 1048576K
}
Event: 419.530 GC heap after
{Heap after GC invocations=23 (full 5):
 garbage-first heap   total 81920K, used 24868K [0x000000042b800000, 0x000000062a400000)
  region size 4096K, 1 young (4096K), 1 survivors (4096K)
 Metaspace       used 53523K, committed 54016K, reserved 1097728K
  class space    used 6653K, committed 6848K, reserved 1048576K
}
Event: 520.451 GC heap before
{Heap before GC invocations=23 (full 5):
 garbage-first heap   total 81920K, used 41252K [0x000000042b800000, 0x000000062a400000)
  region size 4096K, 6 young (24576K), 1 survivors (4096K)
 Metaspace       used 53582K, committed 54016K, reserved 1097728K
  class space    used 6658K, committed 6848K, reserved 1048576K
}
Event: 520.498 GC heap after
{Heap after GC invocations=24 (full 6):
 garbage-first heap   total 81920K, used 22065K [0x000000042b800000, 0x000000062a400000)
  region size 4096K, 0 young (0K), 0 survivors (0K)
 Metaspace       used 53579K, committed 54016K, reserved 1097728K
  class space    used 6657K, committed 6848K, reserved 1048576K
}
Event: 521.088 GC heap before
{Heap before GC invocations=24 (full 6):
 garbage-first heap   total 81920K, used 63025K [0x000000042b800000, 0x000000062a400000)
  region size 4096K, 10 young (40960K), 0 survivors (0K)
 Metaspace       used 53681K, committed 54144K, reserved 1097728K
  class space    used 6672K, committed 6848K, reserved 1048576K
}
Event: 521.090 GC heap after
{Heap after GC invocations=25 (full 6):
 garbage-first heap   total 81920K, used 24945K [0x000000042b800000, 0x000000062a400000)
  region size 4096K, 1 young (4096K), 1 survivors (4096K)
 Metaspace       used 53681K, committed 54144K, reserved 1097728K
  class space    used 6672K, committed 6848K, reserved 1048576K
}

