# JRE version: OpenJDK Runtime Environment Temurin-17.0.1+12 (17.0.1+12) (build 17.0.1+12)
# Java VM: OpenJDK 64-Bit Server VM Temurin-17.0.1+12 (17.0.1+12, mixed mode, emulated-client, tiered, compressed oops, compressed class ptrs, g1 gc, windows-amd64)
GC Precious Log:
 CPUs: 8 total, 8 available
 Memory: 32686M
 Large Page Support: Disabled
 NUMA Support: Disabled
 Compressed Oops: Enabled (Zero based)
 Heap Region Size: 4M
 Heap Min Capacity: 8M
 Heap Initial Capacity: 512M
 Heap Max Capacity: 8172M
 Pre-touch: Disabled
 Parallel Workers: 8
 Concurrent Workers: 2
 Concurrent Refinement Workers: 8
 Periodic GC: Disabled
Heap:
 garbage-first heap   total 139264K, used 53690K [0x0000000601400000, 0x0000000800000000)
  region size 4096K, 10 young (40960K), 4 survivors (16384K)
 Metaspace       used 60033K, committed 60736K, reserved 1105920K
  class space    used 7499K, committed 7808K, reserved 1048576K
GC Heap History (20 events):
Event: 1.914 GC heap before
{Heap before GC invocations=4 (full 0):
 garbage-first heap   total 57344K, used 36983K [0x0000000601400000, 0x0000000800000000)
  region size 4096K, 9 young (36864K), 1 survivors (4096K)
 Metaspace       used 24180K, committed 24448K, reserved 1073152K
  class space    used 2807K, committed 2944K, reserved 1048576K
}
Event: 1.916 GC heap after
{Heap after GC invocations=5 (full 0):
 garbage-first heap   total 57344K, used 9285K [0x0000000601400000, 0x0000000800000000)
  region size 4096K, 1 young (4096K), 1 survivors (4096K)
 Metaspace       used 24180K, committed 24448K, reserved 1073152K
  class space    used 2807K, committed 2944K, reserved 1048576K
}
Event: 1.935 GC heap before
{Heap before GC invocations=5 (full 0):
 garbage-first heap   total 57344K, used 9285K [0x0000000601400000, 0x0000000800000000)
  region size 4096K, 2 young (8192K), 1 survivors (4096K)
 Metaspace       used 24453K, committed 24768K, reserved 1073152K
  class space    used 2854K, committed 3008K, reserved 1048576K
}
Event: 1.938 GC heap after
{Heap after GC invocations=6 (full 0):
 garbage-first heap   total 57344K, used 9986K [0x0000000601400000, 0x0000000800000000)
  region size 4096K, 1 young (4096K), 1 survivors (4096K)
 Metaspace       used 24453K, committed 24768K, reserved 1073152K
  class space    used 2854K, committed 3008K, reserved 1048576K
}
Event: 2.036 GC heap before
{Heap before GC invocations=6 (full 0):
 garbage-first heap   total 57344K, used 34562K [0x0000000601400000, 0x0000000800000000)
  region size 4096K, 7 young (28672K), 1 survivors (4096K)
 Metaspace       used 26645K, committed 26880K, reserved 1073152K
  class space    used 3171K, committed 3264K, reserved 1048576K
}
Event: 2.038 GC heap after
{Heap after GC invocations=7 (full 0):
 garbage-first heap   total 290816K, used 10445K [0x0000000601400000, 0x0000000800000000)
  region size 4096K, 1 young (4096K), 1 survivors (4096K)
 Metaspace       used 26645K, committed 26880K, reserved 1073152K
  class space    used 3171K, committed 3264K, reserved 1048576K
}
Event: 2.891 GC heap before
{Heap before GC invocations=7 (full 0):
 garbage-first heap   total 290816K, used 137421K [0x0000000601400000, 0x0000000800000000)
  region size 4096K, 33 young (135168K), 1 survivors (4096K)
 Metaspace       used 35969K, committed 36288K, reserved 1081344K
  class space    used 4397K, committed 4544K, reserved 1048576K
}
Event: 2.894 GC heap after
{Heap after GC invocations=8 (full 0):
 garbage-first heap   total 290816K, used 13874K [0x0000000601400000, 0x0000000800000000)
  region size 4096K, 2 young (8192K), 2 survivors (8192K)
 Metaspace       used 35969K, committed 36288K, reserved 1081344K
  class space    used 4397K, committed 4544K, reserved 1048576K
}
Event: 3.363 GC heap before
{Heap before GC invocations=9 (full 0):
 garbage-first heap   total 69632K, used 54834K [0x0000000601400000, 0x0000000800000000)
  region size 4096K, 13 young (53248K), 2 survivors (8192K)
 Metaspace       used 39703K, committed 40000K, reserved 1089536K
  class space    used 4972K, committed 5120K, reserved 1048576K
}
Event: 3.369 GC heap after
{Heap after GC invocations=10 (full 0):
 garbage-first heap   total 69632K, used 16329K [0x0000000601400000, 0x0000000800000000)
  region size 4096K, 2 young (8192K), 2 survivors (8192K)
 Metaspace       used 39703K, committed 40000K, reserved 1089536K
  class space    used 4972K, committed 5120K, reserved 1048576K
}
Event: 3.753 GC heap before
{Heap before GC invocations=10 (full 0):
 garbage-first heap   total 69632K, used 45001K [0x0000000601400000, 0x0000000800000000)
  region size 4096K, 10 young (40960K), 2 survivors (8192K)
 Metaspace       used 41744K, committed 42112K, reserved 1089536K
  class space    used 5205K, committed 5376K, reserved 1048576K
}
Event: 3.758 GC heap after
{Heap after GC invocations=11 (full 0):
 garbage-first heap   total 69632K, used 17644K [0x0000000601400000, 0x0000000800000000)
  region size 4096K, 1 young (4096K), 1 survivors (4096K)
 Metaspace       used 41744K, committed 42112K, reserved 1089536K
  class space    used 5205K, committed 5376K, reserved 1048576K
}
Event: 4.135 GC heap before
{Heap before GC invocations=11 (full 0):
 garbage-first heap   total 69632K, used 50412K [0x0000000601400000, 0x0000000800000000)
  region size 4096K, 9 young (36864K), 1 survivors (4096K)
 Metaspace       used 43860K, committed 44224K, reserved 1089536K
  class space    used 5497K, committed 5696K, reserved 1048576K
}
Event: 4.139 GC heap after
{Heap after GC invocations=12 (full 0):
 garbage-first heap   total 69632K, used 18790K [0x0000000601400000, 0x0000000800000000)
  region size 4096K, 2 young (8192K), 2 survivors (8192K)
 Metaspace       used 43860K, committed 44224K, reserved 1089536K
  class space    used 5497K, committed 5696K, reserved 1048576K
}
Event: 4.410 GC heap before
{Heap before GC invocations=12 (full 0):
 garbage-first heap   total 69632K, used 47462K [0x0000000601400000, 0x0000000800000000)
  region size 4096K, 9 young (36864K), 2 survivors (8192K)
 Metaspace       used 45774K, committed 46208K, reserved 1089536K
  class space    used 5717K, committed 5952K, reserved 1048576K
}
Event: 4.415 GC heap after
{Heap after GC invocations=13 (full 0):
 garbage-first heap   total 299008K, used 21290K [0x0000000601400000, 0x0000000800000000)
  region size 4096K, 2 young (8192K), 2 survivors (8192K)
 Metaspace       used 45774K, committed 46208K, reserved 1089536K
  class space    used 5717K, committed 5952K, reserved 1048576K
}
Event: 55.940 GC heap before
{Heap before GC invocations=13 (full 0):
 garbage-first heap   total 299008K, used 185130K [0x0000000601400000, 0x0000000800000000)
  region size 4096K, 43 young (176128K), 2 survivors (8192K)
 Metaspace       used 57009K, committed 57664K, reserved 1105920K
  class space    used 7153K, committed 7488K, reserved 1048576K
}
Event: 55.948 GC heap after
{Heap after GC invocations=14 (full 0):
 garbage-first heap   total 299008K, used 31231K [0x0000000601400000, 0x0000000800000000)
  region size 4096K, 4 young (16384K), 4 survivors (16384K)
 Metaspace       used 57009K, committed 57664K, reserved 1105920K
  class space    used 7153K, committed 7488K, reserved 1048576K
}
Event: 139.351 GC heap before
{Heap before GC invocations=14 (full 0):
 garbage-first heap   total 299008K, used 63999K [0x0000000601400000, 0x0000000800000000)
  region size 4096K, 13 young (53248K), 4 survivors (16384K)
 Metaspace       used 59949K, committed 60608K, reserved 1105920K
  class space    used 7481K, committed 7808K, reserved 1048576K
}
Event: 139.359 GC heap after
{Heap after GC invocations=15 (full 0):
 garbage-first heap   total 299008K, used 33210K [0x0000000601400000, 0x0000000800000000)
  region size 4096K, 4 young (16384K), 4 survivors (16384K)
 Metaspace       used 59949K, committed 60608K, reserved 1105920K
  class space    used 7481K, committed 7808K, reserved 1048576K
}

